新片评分 listening on http://localhost:3000
GET / 200 38986 - 33.407 ms
GET / 200 38986 - 4.213 ms
GET / 200 38986 - 4.069 ms
GET /styles.css 200 5234 - 7.673 ms
GET /poster?url=https%3A%2F%2Fimg9.doubanio.com%2Fview%2Fphoto%2Fs_ratio_poster%2Fpublic%2Fp2932071585.jpg 200 23880 - 39.848 ms
GET /poster?url=https%3A%2F%2Fimg3.doubanio.com%2Fview%2Fphoto%2Fs_ratio_poster%2Fpublic%2Fp2932378813.jpg 200 26256 - 78.105 ms
GET /poster?url=https%3A%2F%2Fimg2.doubanio.com%2Fview%2Fphoto%2Fs_ratio_poster%2Fpublic%2Fp2932202711.jpg 200 23656 - 84.447 ms
GET /poster?url=https%3A%2F%2Fimg3.doubanio.com%2Fview%2Fphoto%2Fs_ratio_poster%2Fpublic%2Fp2932103692.jpg 200 28176 - 22.603 ms
GET /poster?url=https%3A%2F%2Fimg9.doubanio.com%2Fview%2Fphoto%2Fs_ratio_poster%2Fpublic%2Fp2931848904.jpg 200 23561 - 11.459 ms
GET /poster?url=https%3A%2F%2Fimg1.doubanio.com%2Fview%2Fphoto%2Fs_ratio_poster%2Fpublic%2Fp2931851430.jpg 200 29577 - 135.482 ms
GET /poster?url=https%3A%2F%2Fimg3.doubanio.com%2Fview%2Fphoto%2Fs_ratio_poster%2Fpublic%2Fp2932006122.jpg 200 24781 - 101.646 ms
GET /poster?url=https%3A%2F%2Fimg1.doubanio.com%2Fview%2Fphoto%2Fs_ratio_poster%2Fpublic%2Fp2931958860.jpg 200 35165 - 141.776 ms
GET /poster?url=https%3A%2F%2Fimg1.doubanio.com%2Fview%2Fphoto%2Fs_ratio_poster%2Fpublic%2Fp2931601069.jpg 200 25024 - 140.714 ms
GET /poster?url=https%3A%2F%2Fimg9.doubanio.com%2Fview%2Fphoto%2Fs_ratio_poster%2Fpublic%2Fp2930952195.jpg 200 25833 - 23.729 ms
GET /poster?url=https%3A%2F%2Fimg1.doubanio.com%2Fview%2Fphoto%2Fs_ratio_poster%2Fpublic%2Fp2932271729.jpg 200 26312 - 38.452 ms
GET /poster?url=https%3A%2F%2Fimg3.doubanio.com%2Fview%2Fphoto%2Fs_ratio_poster%2Fpublic%2Fp2931584782.jpg 200 32017 - 24.337 ms
GET /poster?url=https%3A%2F%2Fimg9.doubanio.com%2Fview%2Fphoto%2Fs_ratio_poster%2Fpublic%2Fp2931581706.jpg 200 25259 - 34.976 ms
GET /poster?url=https%3A%2F%2Fimg3.doubanio.com%2Fview%2Fphoto%2Fs_ratio_poster%2Fpublic%2Fp2931924492.jpg 200 35806 - 97.250 ms
GET /poster?url=https%3A%2F%2Fimg3.doubanio.com%2Fview%2Fphoto%2Fs_ratio_poster%2Fpublic%2Fp2931370692.jpg 200 28213 - 19.579 ms
GET /poster?url=https%3A%2F%2Fimg1.doubanio.com%2Fview%2Fphoto%2Fs_ratio_poster%2Fpublic%2Fp2931063628.jpg 200 24665 - 33.589 ms
GET /poster?url=https%3A%2F%2Fimg9.doubanio.com%2Fview%2Fphoto%2Fs_ratio_poster%2Fpublic%2Fp2931909375.jpg 200 23374 - 9.775 ms
GET /poster?url=https%3A%2F%2Fimg1.doubanio.com%2Fview%2Fphoto%2Fs_ratio_poster%2Fpublic%2Fp2931411199.jpg 200 25858 - 37.692 ms
GET /poster?url=https%3A%2F%2Fimg9.doubanio.com%2Fview%2Fphoto%2Fs_ratio_poster%2Fpublic%2Fp2932181976.jpg 200 27267 - 9.472 ms
GET /poster?url=https%3A%2F%2Fimg1.doubanio.com%2Fview%2Fphoto%2Fs_ratio_poster%2Fpublic%2Fp2931382259.jpg 200 20307 - 36.540 ms
GET /poster?url=https%3A%2F%2Fimg2.doubanio.com%2Fview%2Fphoto%2Fs_ratio_poster%2Fpublic%2Fp2931602981.jpg 200 20340 - 39.865 ms
GET /poster?url=https%3A%2F%2Fimg1.doubanio.com%2Fview%2Fphoto%2Fs_ratio_poster%2Fpublic%2Fp2931740648.jpg 200 29074 - 111.380 ms
GET /poster?url=https%3A%2F%2Fimg3.doubanio.com%2Fview%2Fphoto%2Fs_ratio_poster%2Fpublic%2Fp2930472372.jpg 200 34204 - 22.574 ms
GET /poster?url=https%3A%2F%2Fimg9.doubanio.com%2Fview%2Fphoto%2Fs_ratio_poster%2Fpublic%2Fp2930838026.jpg 200 22170 - 11.902 ms
GET /poster?url=https%3A%2F%2Fimg9.doubanio.com%2Fview%2Fphoto%2Fs_ratio_poster%2Fpublic%2Fp2931004055.jpg 200 30720 - 10.219 ms
GET /poster?url=https%3A%2F%2Fimg9.doubanio.com%2Fview%2Fphoto%2Fs_ratio_poster%2Fpublic%2Fp2929673775.jpg 200 32035 - 14.706 ms
GET /poster?url=https%3A%2F%2Fimg3.doubanio.com%2Fview%2Fphoto%2Fs_ratio_poster%2Fpublic%2Fp2931409497.jpg 200 28760 - 32.892 ms
GET /poster?url=https%3A%2F%2Fimg9.doubanio.com%2Fview%2Fphoto%2Fs_ratio_poster%2Fpublic%2Fp2930171065.jpg 200 20251 - 10.752 ms
GET /poster?url=https%3A%2F%2Fimg3.doubanio.com%2Fview%2Fphoto%2Fs_ratio_poster%2Fpublic%2Fp2931029277.jpg 200 35169 - 21.272 ms
GET /poster?url=https%3A%2F%2Fimg1.doubanio.com%2Fview%2Fphoto%2Fs_ratio_poster%2Fpublic%2Fp2930979680.jpg 200 19483 - 54.080 ms
GET /poster?url=https%3A%2F%2Fimg1.doubanio.com%2Fview%2Fphoto%2Fs_ratio_poster%2Fpublic%2Fp2931582988.jpg 200 30877 - 53.776 ms
GET /poster?url=https%3A%2F%2Fimg2.doubanio.com%2Fview%2Fphoto%2Fs_ratio_poster%2Fpublic%2Fp2929759261.jpg 200 34644 - 34.611 ms
GET /poster?url=https%3A%2F%2Fimg9.doubanio.com%2Fview%2Fphoto%2Fs_ratio_poster%2Fpublic%2Fp2931602704.jpg 200 31278 - 15.145 ms
GET /poster?url=https%3A%2F%2Fimg1.doubanio.com%2Fview%2Fphoto%2Fs_ratio_poster%2Fpublic%2Fp2931656808.jpg 200 19289 - 95.627 ms
GET /poster?url=https%3A%2F%2Fimg9.doubanio.com%2Fview%2Fphoto%2Fs_ratio_poster%2Fpublic%2Fp2917047686.jpg 200 20148 - 13.441 ms
GET /poster?url=https%3A%2F%2Fimg3.doubanio.com%2Fview%2Fphoto%2Fs_ratio_poster%2Fpublic%2Fp2887654333.jpg 200 17180 - 21.917 ms
GET /poster?url=https%3A%2F%2Fimg3.doubanio.com%2Fview%2Fphoto%2Fs_ratio_poster%2Fpublic%2Fp2928985187.jpg 200 22790 - 26.408 ms
GET /poster?url=https%3A%2F%2Fimg9.doubanio.com%2Fview%2Fphoto%2Fs_ratio_poster%2Fpublic%2Fp2931988675.jpg 200 33011 - 12.050 ms
GET /poster?url=https%3A%2F%2Fimg2.doubanio.com%2Fview%2Fphoto%2Fs_ratio_poster%2Fpublic%2Fp2932352221.jpg 200 26246 - 35.282 ms
GET /poster?url=https%3A%2F%2Fimg1.doubanio.com%2Fview%2Fphoto%2Fs_ratio_poster%2Fpublic%2Fp2931149949.jpg 200 20291 - 46.361 ms
GET /poster?url=https%3A%2F%2Fimg3.doubanio.com%2Fview%2Fphoto%2Fs_ratio_poster%2Fpublic%2Fp2931731477.jpg 200 31191 - 27.758 ms
GET /poster?url=https%3A%2F%2Fimg9.doubanio.com%2Fview%2Fphoto%2Fs_ratio_poster%2Fpublic%2Fp2931367405.jpg 200 33602 - 12.302 ms
GET /poster?url=https%3A%2F%2Fimg3.doubanio.com%2Fview%2Fphoto%2Fs_ratio_poster%2Fpublic%2Fp2931240373.jpg 200 28525 - 29.178 ms
GET /poster?url=https%3A%2F%2Fimg2.doubanio.com%2Fview%2Fphoto%2Fs_ratio_poster%2Fpublic%2Fp2930238411.jpg 200 22275 - 78.408 ms
GET /poster?url=https%3A%2F%2Fimg9.doubanio.com%2Fview%2Fphoto%2Fs_ratio_poster%2Fpublic%2Fp2164225595.jpg 200 28817 - 28.024 ms
GET /poster?url=https%3A%2F%2Fimg9.doubanio.com%2Fview%2Fphoto%2Fs_ratio_poster%2Fpublic%2Fp2241064475.jpg 200 42157 - 11.771 ms
GET /poster?url=https%3A%2F%2Fimg3.doubanio.com%2Fview%2Fphoto%2Fs_ratio_poster%2Fpublic%2Fp2456564393.jpg 200 30605 - 20.073 ms
GET /poster?url=https%3A%2F%2Fimg1.doubanio.com%2Fview%2Fphoto%2Fs_ratio_poster%2Fpublic%2Fp2877522569.jpg 200 42111 - 60.162 ms
GET /poster?url=https%3A%2F%2Fimg2.doubanio.com%2Fview%2Fphoto%2Fs_ratio_poster%2Fpublic%2Fp2456564071.jpg 200 26907 - 34.422 ms
GET /poster?url=https%3A%2F%2Fimg9.doubanio.com%2Fview%2Fphoto%2Fs_ratio_poster%2Fpublic%2Fp2456564275.jpg 200 33744 - 52.194 ms
GET /poster?url=https%3A%2F%2Fimg3.doubanio.com%2Fview%2Fphoto%2Fs_ratio_poster%2Fpublic%2Fp2241064547.jpg 200 36546 - 22.668 ms
GET /poster?url=https%3A%2F%2Fimg9.doubanio.com%2Fview%2Fphoto%2Fs_ratio_poster%2Fpublic%2Fp2469070974.jpg 200 25374 - 572.142 ms
GET /movie/37116446 200 2813 - 4.531 ms
POST /movie/37116446/rating 302 44 - 13.519 ms
GET /movie/37116446 200 2813 - 2.605 ms
POST /movie/37116446/comments 302 53 - 3.009 ms
GET /movie/37116446 200 2975 - 2.627 ms
GET / 200 38991 - 2.957 ms
GET /styles.css 200 5234 - 1.124 ms
GET /poster?url=https%3A%2F%2Fimg9.doubanio.com%2Fview%2Fphoto%2Fs_ratio_poster%2Fpublic%2Fp2932071585.jpg 200 23880 - 37.639 ms
GET /poster?url=https%3A%2F%2Fimg2.doubanio.com%2Fview%2Fphoto%2Fs_ratio_poster%2Fpublic%2Fp2932202711.jpg 200 23656 - 77.803 ms
GET /poster?url=https%3A%2F%2Fimg3.doubanio.com%2Fview%2Fphoto%2Fs_ratio_poster%2Fpublic%2Fp2932378813.jpg 200 26256 - 80.067 ms
GET /poster?url=https%3A%2F%2Fimg3.doubanio.com%2Fview%2Fphoto%2Fs_ratio_poster%2Fpublic%2Fp2931924492.jpg 200 35806 - 24.566 ms
GET /poster?url=https%3A%2F%2Fimg9.doubanio.com%2Fview%2Fphoto%2Fs_ratio_poster%2Fpublic%2Fp2931848904.jpg 200 23561 - 9.614 ms
GET /poster?url=https%3A%2F%2Fimg3.doubanio.com%2Fview%2Fphoto%2Fs_ratio_poster%2Fpublic%2Fp2932006122.jpg 200 24781 - 85.914 ms
GET /poster?url=https%3A%2F%2Fimg1.doubanio.com%2Fview%2Fphoto%2Fs_ratio_poster%2Fpublic%2Fp2931851430.jpg 200 29577 - 139.507 ms
GET /poster?url=https%3A%2F%2Fimg1.doubanio.com%2Fview%2Fphoto%2Fs_ratio_poster%2Fpublic%2Fp2931958860.jpg 200 35165 - 134.392 ms
GET /poster?url=https%3A%2F%2Fimg1.doubanio.com%2Fview%2Fphoto%2Fs_ratio_poster%2Fpublic%2Fp2931601069.jpg 200 25024 - 135.660 ms
GET /poster?url=https%3A%2F%2Fimg9.doubanio.com%2Fview%2Fphoto%2Fs_ratio_poster%2Fpublic%2Fp2930952195.jpg 200 25833 - 14.640 ms
GET /poster?url=https%3A%2F%2Fimg3.doubanio.com%2Fview%2Fphoto%2Fs_ratio_poster%2Fpublic%2Fp2932103692.jpg 200 28176 - 77.694 ms
GET /poster?url=https%3A%2F%2Fimg3.doubanio.com%2Fview%2Fphoto%2Fs_ratio_poster%2Fpublic%2Fp2931584782.jpg 200 32017 - 21.159 ms
GET /poster?url=https%3A%2F%2Fimg9.doubanio.com%2Fview%2Fphoto%2Fs_ratio_poster%2Fpublic%2Fp2931581706.jpg 200 25259 - 25.838 ms
GET /poster?url=https%3A%2F%2Fimg1.doubanio.com%2Fview%2Fphoto%2Fs_ratio_poster%2Fpublic%2Fp2931063628.jpg 200 24665 - 35.224 ms
GET /poster?url=https%3A%2F%2Fimg3.doubanio.com%2Fview%2Fphoto%2Fs_ratio_poster%2Fpublic%2Fp2931370692.jpg 200 28213 - 34.705 ms
GET /poster?url=https%3A%2F%2Fimg1.doubanio.com%2Fview%2Fphoto%2Fs_ratio_poster%2Fpublic%2Fp2931411199.jpg 200 25858 - 34.696 ms
GET /poster?url=https%3A%2F%2Fimg2.doubanio.com%2Fview%2Fphoto%2Fs_ratio_poster%2Fpublic%2Fp2931602981.jpg 200 20340 - 35.774 ms
GET /poster?url=https%3A%2F%2Fimg9.doubanio.com%2Fview%2Fphoto%2Fs_ratio_poster%2Fpublic%2Fp2931909375.jpg 200 23374 - 9.891 ms
GET /poster?url=https%3A%2F%2Fimg1.doubanio.com%2Fview%2Fphoto%2Fs_ratio_poster%2Fpublic%2Fp2932271729.jpg 200 26312 - 101.081 ms
GET /poster?url=https%3A%2F%2Fimg9.doubanio.com%2Fview%2Fphoto%2Fs_ratio_poster%2Fpublic%2Fp2932181976.jpg 200 27267 - 15.544 ms
GET /poster?url=https%3A%2F%2Fimg1.doubanio.com%2Fview%2Fphoto%2Fs_ratio_poster%2Fpublic%2Fp2931740648.jpg 200 29074 - 104.398 ms
GET /poster?url=https%3A%2F%2Fimg1.doubanio.com%2Fview%2Fphoto%2Fs_ratio_poster%2Fpublic%2Fp2931382259.jpg 200 20307 - 38.483 ms
GET /poster?url=https%3A%2F%2Fimg3.doubanio.com%2Fview%2Fphoto%2Fs_ratio_poster%2Fpublic%2Fp2930472372.jpg 200 34204 - 24.243 ms
GET /poster?url=https%3A%2F%2Fimg1.doubanio.com%2Fview%2Fphoto%2Fs_ratio_poster%2Fpublic%2Fp2931656808.jpg 200 19289 - 37.686 ms
GET /poster?url=https%3A%2F%2Fimg9.doubanio.com%2Fview%2Fphoto%2Fs_ratio_poster%2Fpublic%2Fp2930838026.jpg 200 22170 - 10.000 ms
GET /poster?url=https%3A%2F%2Fimg9.doubanio.com%2Fview%2Fphoto%2Fs_ratio_poster%2Fpublic%2Fp2929673775.jpg 200 32035 - 10.435 ms
GET /poster?url=https%3A%2F%2Fimg3.doubanio.com%2Fview%2Fphoto%2Fs_ratio_poster%2Fpublic%2Fp2931409497.jpg 200 28760 - 21.819 ms
GET /poster?url=https%3A%2F%2Fimg9.doubanio.com%2Fview%2Fphoto%2Fs_ratio_poster%2Fpublic%2Fp2931004055.jpg 200 30720 - 23.436 ms
GET /poster?url=https%3A%2F%2Fimg9.doubanio.com%2Fview%2Fphoto%2Fs_ratio_poster%2Fpublic%2Fp2930171065.jpg 200 20251 - 9.108 ms
GET /poster?url=https%3A%2F%2Fimg1.doubanio.com%2Fview%2Fphoto%2Fs_ratio_poster%2Fpublic%2Fp2930979680.jpg 200 19483 - 36.763 ms
GET /poster?url=https%3A%2F%2Fimg9.doubanio.com%2Fview%2Fphoto%2Fs_ratio_poster%2Fpublic%2Fp2931602704.jpg 200 31278 - 10.085 ms
GET /poster?url=https%3A%2F%2Fimg1.doubanio.com%2Fview%2Fphoto%2Fs_ratio_poster%2Fpublic%2Fp2931582988.jpg 200 30877 - 39.506 ms
GET /poster?url=https%3A%2F%2Fimg3.doubanio.com%2Fview%2Fphoto%2Fs_ratio_poster%2Fpublic%2Fp2931029277.jpg 200 35169 - 25.764 ms
GET /poster?url=https%3A%2F%2Fimg2.doubanio.com%2Fview%2Fphoto%2Fs_ratio_poster%2Fpublic%2Fp2929759261.jpg 200 34644 - 35.451 ms
GET /poster?url=https%3A%2F%2Fimg9.doubanio.com%2Fview%2Fphoto%2Fs_ratio_poster%2Fpublic%2Fp2917047686.jpg 200 20148 - 10.400 ms
GET /poster?url=https%3A%2F%2Fimg3.doubanio.com%2Fview%2Fphoto%2Fs_ratio_poster%2Fpublic%2Fp2887654333.jpg 200 17180 - 20.114 ms
GET /poster?url=https%3A%2F%2Fimg3.doubanio.com%2Fview%2Fphoto%2Fs_ratio_poster%2Fpublic%2Fp2928985187.jpg 200 22790 - 19.915 ms
GET /poster?url=https%3A%2F%2Fimg1.doubanio.com%2Fview%2Fphoto%2Fs_ratio_poster%2Fpublic%2Fp2931149949.jpg 200 20291 - 36.380 ms
GET /poster?url=https%3A%2F%2Fimg9.doubanio.com%2Fview%2Fphoto%2Fs_ratio_poster%2Fpublic%2Fp2931988675.jpg 200 33011 - 11.711 ms
GET /poster?url=https%3A%2F%2Fimg9.doubanio.com%2Fview%2Fphoto%2Fs_ratio_poster%2Fpublic%2Fp2469070974.jpg 200 25374 - 10.433 ms
GET /poster?url=https%3A%2F%2Fimg3.doubanio.com%2Fview%2Fphoto%2Fs_ratio_poster%2Fpublic%2Fp2931240373.jpg 200 28525 - 23.175 ms
GET /poster?url=https%3A%2F%2Fimg3.doubanio.com%2Fview%2Fphoto%2Fs_ratio_poster%2Fpublic%2Fp2931731477.jpg 200 31191 - 39.516 ms
GET /poster?url=https%3A%2F%2Fimg9.doubanio.com%2Fview%2Fphoto%2Fs_ratio_poster%2Fpublic%2Fp2931367405.jpg 200 33602 - 9.755 ms
GET /poster?url=https%3A%2F%2Fimg9.doubanio.com%2Fview%2Fphoto%2Fs_ratio_poster%2Fpublic%2Fp2456564275.jpg 200 33744 - 11.825 ms
GET /poster?url=https%3A%2F%2Fimg9.doubanio.com%2Fview%2Fphoto%2Fs_ratio_poster%2Fpublic%2Fp2164225595.jpg 200 28817 - 13.218 ms
GET /poster?url=https%3A%2F%2Fimg1.doubanio.com%2Fview%2Fphoto%2Fs_ratio_poster%2Fpublic%2Fp2877522569.jpg 200 42111 - 37.625 ms
GET /poster?url=https%3A%2F%2Fimg9.doubanio.com%2Fview%2Fphoto%2Fs_ratio_poster%2Fpublic%2Fp2241064475.jpg 200 42157 - 12.763 ms
GET /poster?url=https%3A%2F%2Fimg2.doubanio.com%2Fview%2Fphoto%2Fs_ratio_poster%2Fpublic%2Fp2932352221.jpg 200 26246 - 86.519 ms
GET /poster?url=https%3A%2F%2Fimg2.doubanio.com%2Fview%2Fphoto%2Fs_ratio_poster%2Fpublic%2Fp2456564071.jpg 200 26907 - 34.112 ms
GET /poster?url=https%3A%2F%2Fimg3.doubanio.com%2Fview%2Fphoto%2Fs_ratio_poster%2Fpublic%2Fp2456564393.jpg 200 30605 - 25.749 ms
GET /poster?url=https%3A%2F%2Fimg3.doubanio.com%2Fview%2Fphoto%2Fs_ratio_poster%2Fpublic%2Fp2241064547.jpg 200 36546 - 22.050 ms
GET /poster?url=https%3A%2F%2Fimg2.doubanio.com%2Fview%2Fphoto%2Fs_ratio_poster%2Fpublic%2Fp2930238411.jpg 200 22275 - 104.285 ms
GET /movie/37116446 200 2545 - 2.242 ms
POST /movie/37116446/rating 302 44 - 2.349 ms
GET /movie/37116446 200 2540 - 2.055 ms
POST /movie/37116446/comments 302 53 - 2.145 ms
GET /movie/37116446 200 2690 - 1.952 ms
GET / 200 38986 - 4.080 ms
GET /styles.css 200 5234 - 1.030 ms
GET /poster?url=https%3A%2F%2Fimg9.doubanio.com%2Fview%2Fphoto%2Fs_ratio_poster%2Fpublic%2Fp2932071585.jpg 200 23880 - 36.540 ms
GET /poster?url=https%3A%2F%2Fimg3.doubanio.com%2Fview%2Fphoto%2Fs_ratio_poster%2Fpublic%2Fp2932378813.jpg 200 26256 - 90.711 ms
GET /poster?url=https%3A%2F%2Fimg2.doubanio.com%2Fview%2Fphoto%2Fs_ratio_poster%2Fpublic%2Fp2932202711.jpg 200 23656 - 99.439 ms
GET /poster?url=https%3A%2F%2Fimg3.doubanio.com%2Fview%2Fphoto%2Fs_ratio_poster%2Fpublic%2Fp2932006122.jpg 200 24781 - 70.462 ms
GET /poster?url=https%3A%2F%2Fimg9.doubanio.com%2Fview%2Fphoto%2Fs_ratio_poster%2Fpublic%2Fp2931848904.jpg 200 23561 - 9.024 ms
GET /poster?url=https%3A%2F%2Fimg3.doubanio.com%2Fview%2Fphoto%2Fs_ratio_poster%2Fpublic%2Fp2932103692.jpg 200 28176 - 22.316 ms
GET /poster?url=https%3A%2F%2Fimg1.doubanio.com%2Fview%2Fphoto%2Fs_ratio_poster%2Fpublic%2Fp2931851430.jpg 200 29577 - 130.993 ms
GET /poster?url=https%3A%2F%2Fimg9.doubanio.com%2Fview%2Fphoto%2Fs_ratio_poster%2Fpublic%2Fp2930952195.jpg 200 25833 - 9.619 ms
GET /poster?url=https%3A%2F%2Fimg1.doubanio.com%2Fview%2Fphoto%2Fs_ratio_poster%2Fpublic%2Fp2931958860.jpg 200 35165 - 135.331 ms
GET /poster?url=https%3A%2F%2Fimg1.doubanio.com%2Fview%2Fphoto%2Fs_ratio_poster%2Fpublic%2Fp2931601069.jpg 200 25024 - 141.731 ms
GET /poster?url=https%3A%2F%2Fimg9.doubanio.com%2Fview%2Fphoto%2Fs_ratio_poster%2Fpublic%2Fp2931581706.jpg 200 25259 - 9.098 ms
GET /poster?url=https%3A%2F%2Fimg3.doubanio.com%2Fview%2Fphoto%2Fs_ratio_poster%2Fpublic%2Fp2931584782.jpg 200 32017 - 22.729 ms
GET /poster?url=https%3A%2F%2Fimg3.doubanio.com%2Fview%2Fphoto%2Fs_ratio_poster%2Fpublic%2Fp2931370692.jpg 200 28213 - 21.952 ms
GET /poster?url=https%3A%2F%2Fimg1.doubanio.com%2Fview%2Fphoto%2Fs_ratio_poster%2Fpublic%2Fp2931063628.jpg 200 24665 - 34.580 ms
GET /poster?url=https%3A%2F%2Fimg3.doubanio.com%2Fview%2Fphoto%2Fs_ratio_poster%2Fpublic%2Fp2931924492.jpg 200 35806 - 80.515 ms
GET /poster?url=https%3A%2F%2Fimg1.doubanio.com%2Fview%2Fphoto%2Fs_ratio_poster%2Fpublic%2Fp2931411199.jpg 200 25858 - 34.012 ms
GET /poster?url=https%3A%2F%2Fimg9.doubanio.com%2Fview%2Fphoto%2Fs_ratio_poster%2Fpublic%2Fp2931909375.jpg 200 23374 - 10.123 ms
GET /poster?url=https%3A%2F%2Fimg1.doubanio.com%2Fview%2Fphoto%2Fs_ratio_poster%2Fpublic%2Fp2932271729.jpg 200 26312 - 96.806 ms
GET /poster?url=https%3A%2F%2Fimg1.doubanio.com%2Fview%2Fphoto%2Fs_ratio_poster%2Fpublic%2Fp2931382259.jpg 200 20307 - 33.952 ms
GET /poster?url=https%3A%2F%2Fimg1.doubanio.com%2Fview%2Fphoto%2Fs_ratio_poster%2Fpublic%2Fp2931740648.jpg 200 29074 - 102.906 ms
GET /poster?url=https%3A%2F%2Fimg1.doubanio.com%2Fview%2Fphoto%2Fs_ratio_poster%2Fpublic%2Fp2931656808.jpg 200 19289 - 36.723 ms
GET /poster?url=https%3A%2F%2Fimg9.doubanio.com%2Fview%2Fphoto%2Fs_ratio_poster%2Fpublic%2Fp2932181976.jpg 200 27267 - 10.717 ms
GET /poster?url=https%3A%2F%2Fimg3.doubanio.com%2Fview%2Fphoto%2Fs_ratio_poster%2Fpublic%2Fp2930472372.jpg 200 34204 - 23.684 ms
GET /poster?url=https%3A%2F%2Fimg2.doubanio.com%2Fview%2Fphoto%2Fs_ratio_poster%2Fpublic%2Fp2931602981.jpg 200 20340 - 62.271 ms
GET /poster?url=https%3A%2F%2Fimg9.doubanio.com%2Fview%2Fphoto%2Fs_ratio_poster%2Fpublic%2Fp2929673775.jpg 200 32035 - 9.212 ms
GET /poster?url=https%3A%2F%2Fimg3.doubanio.com%2Fview%2Fphoto%2Fs_ratio_poster%2Fpublic%2Fp2931409497.jpg 200 28760 - 23.083 ms
GET /poster?url=https%3A%2F%2Fimg9.doubanio.com%2Fview%2Fphoto%2Fs_ratio_poster%2Fpublic%2Fp2930838026.jpg 200 22170 - 26.746 ms
GET /poster?url=https%3A%2F%2Fimg1.doubanio.com%2Fview%2Fphoto%2Fs_ratio_poster%2Fpublic%2Fp2930979680.jpg 200 19483 - 34.734 ms
GET /poster?url=https%3A%2F%2Fimg9.doubanio.com%2Fview%2Fphoto%2Fs_ratio_poster%2Fpublic%2Fp2931004055.jpg 200 30720 - 25.351 ms
GET /poster?url=https%3A%2F%2Fimg1.doubanio.com%2Fview%2Fphoto%2Fs_ratio_poster%2Fpublic%2Fp2931582988.jpg 200 30877 - 34.429 ms
GET /poster?url=https%3A%2F%2Fimg9.doubanio.com%2Fview%2Fphoto%2Fs_ratio_poster%2Fpublic%2Fp2931602704.jpg 200 31278 - 11.002 ms
GET /poster?url=https%3A%2F%2Fimg3.doubanio.com%2Fview%2Fphoto%2Fs_ratio_poster%2Fpublic%2Fp2931029277.jpg 200 35169 - 22.504 ms
GET /poster?url=https%3A%2F%2Fimg9.doubanio.com%2Fview%2Fphoto%2Fs_ratio_poster%2Fpublic%2Fp2917047686.jpg 200 20148 - 9.656 ms
GET /poster?url=https%3A%2F%2Fimg9.doubanio.com%2Fview%2Fphoto%2Fs_ratio_poster%2Fpublic%2Fp2930171065.jpg 200 20251 - 33.544 ms
GET /poster?url=https%3A%2F%2Fimg2.doubanio.com%2Fview%2Fphoto%2Fs_ratio_poster%2Fpublic%2Fp2929759261.jpg 200 34644 - 41.288 ms
GET /poster?url=https%3A%2F%2Fimg3.doubanio.com%2Fview%2Fphoto%2Fs_ratio_poster%2Fpublic%2Fp2887654333.jpg 200 17180 - 20.383 ms
GET /poster?url=https%3A%2F%2Fimg9.doubanio.com%2Fview%2Fphoto%2Fs_ratio_poster%2Fpublic%2Fp2931988675.jpg 200 33011 - 11.216 ms
GET /poster?url=https%3A%2F%2Fimg1.doubanio.com%2Fview%2Fphoto%2Fs_ratio_poster%2Fpublic%2Fp2931149949.jpg 200 20291 - 36.836 ms
GET /poster?url=https%3A%2F%2Fimg3.doubanio.com%2Fview%2Fphoto%2Fs_ratio_poster%2Fpublic%2Fp2928985187.jpg 200 22790 - 20.924 ms
GET /poster?url=https%3A%2F%2Fimg3.doubanio.com%2Fview%2Fphoto%2Fs_ratio_poster%2Fpublic%2Fp2931731477.jpg 200 31191 - 21.386 ms
GET /poster?url=https%3A%2F%2Fimg9.doubanio.com%2Fview%2Fphoto%2Fs_ratio_poster%2Fpublic%2Fp2469070974.jpg 200 25374 - 10.407 ms
GET /poster?url=https%3A%2F%2Fimg9.doubanio.com%2Fview%2Fphoto%2Fs_ratio_poster%2Fpublic%2Fp2931367405.jpg 200 33602 - 10.005 ms
GET /poster?url=https%3A%2F%2Fimg3.doubanio.com%2Fview%2Fphoto%2Fs_ratio_poster%2Fpublic%2Fp2931240373.jpg 200 28525 - 26.001 ms
GET /poster?url=https%3A%2F%2Fimg9.doubanio.com%2Fview%2Fphoto%2Fs_ratio_poster%2Fpublic%2Fp2164225595.jpg 200 28817 - 13.082 ms
GET /poster?url=https%3A%2F%2Fimg1.doubanio.com%2Fview%2Fphoto%2Fs_ratio_poster%2Fpublic%2Fp2877522569.jpg 200 42111 - 34.678 ms
GET /poster?url=https%3A%2F%2Fimg2.doubanio.com%2Fview%2Fphoto%2Fs_ratio_poster%2Fpublic%2Fp2930238411.jpg 200 22275 - 75.737 ms
GET /poster?url=https%3A%2F%2Fimg9.doubanio.com%2Fview%2Fphoto%2Fs_ratio_poster%2Fpublic%2Fp2241064475.jpg 200 42157 - 10.285 ms
GET /poster?url=https%3A%2F%2Fimg3.doubanio.com%2Fview%2Fphoto%2Fs_ratio_poster%2Fpublic%2Fp2456564393.jpg 200 30605 - 20.749 ms
GET /poster?url=https%3A%2F%2Fimg9.doubanio.com%2Fview%2Fphoto%2Fs_ratio_poster%2Fpublic%2Fp2456564275.jpg 200 33744 - 34.763 ms
GET /poster?url=https%3A%2F%2Fimg2.doubanio.com%2Fview%2Fphoto%2Fs_ratio_poster%2Fpublic%2Fp2932352221.jpg 200 26246 - 78.085 ms
GET /poster?url=https%3A%2F%2Fimg3.doubanio.com%2Fview%2Fphoto%2Fs_ratio_poster%2Fpublic%2Fp2241064547.jpg 200 36546 - 21.229 ms
GET /poster?url=https%3A%2F%2Fimg2.doubanio.com%2Fview%2Fphoto%2Fs_ratio_poster%2Fpublic%2Fp2456564071.jpg 200 26907 - 34.225 ms
GET / 200 38986 - 3.134 ms
GET /styles.css 200 5234 - 0.565 ms
GET /poster?url=https%3A%2F%2Fimg9.doubanio.com%2Fview%2Fphoto%2Fs_ratio_poster%2Fpublic%2Fp2932071585.jpg 200 23880 - 65.566 ms
GET /poster?url=https%3A%2F%2Fimg3.doubanio.com%2Fview%2Fphoto%2Fs_ratio_poster%2Fpublic%2Fp2932378813.jpg 200 26256 - 108.892 ms
GET /poster?url=https%3A%2F%2Fimg2.doubanio.com%2Fview%2Fphoto%2Fs_ratio_poster%2Fpublic%2Fp2932202711.jpg 200 23656 - 124.746 ms
GET /poster?url=https%3A%2F%2Fimg3.doubanio.com%2Fview%2Fphoto%2Fs_ratio_poster%2Fpublic%2Fp2932103692.jpg 200 28176 - 23.174 ms
GET /poster?url=https%3A%2F%2Fimg3.doubanio.com%2Fview%2Fphoto%2Fs_ratio_poster%2Fpublic%2Fp2932006122.jpg 200 24781 - 76.524 ms
GET /poster?url=https%3A%2F%2Fimg1.doubanio.com%2Fview%2Fphoto%2Fs_ratio_poster%2Fpublic%2Fp2931851430.jpg 200 29577 - 147.509 ms
GET /poster?url=https%3A%2F%2Fimg9.doubanio.com%2Fview%2Fphoto%2Fs_ratio_poster%2Fpublic%2Fp2931848904.jpg 200 23561 - 19.564 ms
GET /poster?url=https%3A%2F%2Fimg1.doubanio.com%2Fview%2Fphoto%2Fs_ratio_poster%2Fpublic%2Fp2931601069.jpg 200 25024 - 155.395 ms
GET /poster?url=https%3A%2F%2Fimg9.doubanio.com%2Fview%2Fphoto%2Fs_ratio_poster%2Fpublic%2Fp2930952195.jpg 200 25833 - 22.274 ms
GET /poster?url=https%3A%2F%2Fimg1.doubanio.com%2Fview%2Fphoto%2Fs_ratio_poster%2Fpublic%2Fp2932271729.jpg 200 26312 - 36.674 ms
GET /poster?url=https%3A%2F%2Fimg3.doubanio.com%2Fview%2Fphoto%2Fs_ratio_poster%2Fpublic%2Fp2931584782.jpg 200 32017 - 24.919 ms
GET /poster?url=https%3A%2F%2Fimg1.doubanio.com%2Fview%2Fphoto%2Fs_ratio_poster%2Fpublic%2Fp2931958860.jpg 200 35165 - 183.099 ms
GET /poster?url=https%3A%2F%2Fimg9.doubanio.com%2Fview%2Fphoto%2Fs_ratio_poster%2Fpublic%2Fp2931581706.jpg 200 25259 - 22.108 ms
GET /poster?url=https%3A%2F%2Fimg3.doubanio.com%2Fview%2Fphoto%2Fs_ratio_poster%2Fpublic%2Fp2931924492.jpg 200 35806 - 79.555 ms
GET /poster?url=https%3A%2F%2Fimg3.doubanio.com%2Fview%2Fphoto%2Fs_ratio_poster%2Fpublic%2Fp2931370692.jpg 200 28213 - 23.021 ms
GET /poster?url=https%3A%2F%2Fimg1.doubanio.com%2Fview%2Fphoto%2Fs_ratio_poster%2Fpublic%2Fp2931063628.jpg 200 24665 - 34.953 ms
GET /poster?url=https%3A%2F%2Fimg1.doubanio.com%2Fview%2Fphoto%2Fs_ratio_poster%2Fpublic%2Fp2931411199.jpg 200 25858 - 43.548 ms
GET /poster?url=https%3A%2F%2Fimg9.doubanio.com%2Fview%2Fphoto%2Fs_ratio_poster%2Fpublic%2Fp2931909375.jpg 200 23374 - 19.680 ms
GET /poster?url=https%3A%2F%2Fimg1.doubanio.com%2Fview%2Fphoto%2Fs_ratio_poster%2Fpublic%2Fp2931740648.jpg 200 29074 - 102.920 ms
GET /poster?url=https%3A%2F%2Fimg1.doubanio.com%2Fview%2Fphoto%2Fs_ratio_poster%2Fpublic%2Fp2931382259.jpg 200 20307 - 35.698 ms
GET /poster?url=https%3A%2F%2Fimg3.doubanio.com%2Fview%2Fphoto%2Fs_ratio_poster%2Fpublic%2Fp2930472372.jpg 200 34204 - 22.613 ms
GET /poster?url=https%3A%2F%2Fimg9.doubanio.com%2Fview%2Fphoto%2Fs_ratio_poster%2Fpublic%2Fp2932181976.jpg 200 27267 - 20.874 ms
GET /poster?url=https%3A%2F%2Fimg2.doubanio.com%2Fview%2Fphoto%2Fs_ratio_poster%2Fpublic%2Fp2931602981.jpg 200 20340 - 61.397 ms
GET /poster?url=https%3A%2F%2Fimg3.doubanio.com%2Fview%2Fphoto%2Fs_ratio_poster%2Fpublic%2Fp2931409497.jpg 200 28760 - 21.368 ms
GET /poster?url=https%3A%2F%2Fimg1.doubanio.com%2Fview%2Fphoto%2Fs_ratio_poster%2Fpublic%2Fp2930979680.jpg 200 19483 - 34.764 ms
GET /poster?url=https%3A%2F%2Fimg9.doubanio.com%2Fview%2Fphoto%2Fs_ratio_poster%2Fpublic%2Fp2929673775.jpg 200 32035 - 22.685 ms
GET /poster?url=https%3A%2F%2Fimg1.doubanio.com%2Fview%2Fphoto%2Fs_ratio_poster%2Fpublic%2Fp2931582988.jpg 200 30877 - 45.004 ms
GET /poster?url=https%3A%2F%2Fimg1.doubanio.com%2Fview%2Fphoto%2Fs_ratio_poster%2Fpublic%2Fp2931656808.jpg 200 19289 - 95.620 ms
GET /poster?url=https%3A%2F%2Fimg3.doubanio.com%2Fview%2Fphoto%2Fs_ratio_poster%2Fpublic%2Fp2931029277.jpg 200 35169 - 22.607 ms
GET /poster?url=https%3A%2F%2Fimg2.doubanio.com%2Fview%2Fphoto%2Fs_ratio_poster%2Fpublic%2Fp2929759261.jpg 200 34644 - 38.695 ms
GET /poster?url=https%3A%2F%2Fimg9.doubanio.com%2Fview%2Fphoto%2Fs_ratio_poster%2Fpublic%2Fp2930171065.jpg 200 20251 - 20.465 ms
GET /poster?url=https%3A%2F%2Fimg3.doubanio.com%2Fview%2Fphoto%2Fs_ratio_poster%2Fpublic%2Fp2887654333.jpg 200 17180 - 21.817 ms
GET /poster?url=https%3A%2F%2Fimg1.doubanio.com%2Fview%2Fphoto%2Fs_ratio_poster%2Fpublic%2Fp2931149949.jpg 200 20291 - 35.594 ms
GET /poster?url=https%3A%2F%2Fimg9.doubanio.com%2Fview%2Fphoto%2Fs_ratio_poster%2Fpublic%2Fp2931004055.jpg 200 30720 - 80.850 ms
GET /poster?url=https%3A%2F%2Fimg9.doubanio.com%2Fview%2Fphoto%2Fs_ratio_poster%2Fpublic%2Fp2931602704.jpg 200 31278 - 53.535 ms
GET /poster?url=https%3A%2F%2Fimg9.doubanio.com%2Fview%2Fphoto%2Fs_ratio_poster%2Fpublic%2Fp2930838026.jpg 200 22170 - 126.201 ms
GET /poster?url=https%3A%2F%2Fimg9.doubanio.com%2Fview%2Fphoto%2Fs_ratio_poster%2Fpublic%2Fp2917047686.jpg 200 20148 - 21.322 ms
GET /poster?url=https%3A%2F%2Fimg3.doubanio.com%2Fview%2Fphoto%2Fs_ratio_poster%2Fpublic%2Fp2928985187.jpg 200 22790 - 21.268 ms
GET /poster?url=https%3A%2F%2Fimg2.doubanio.com%2Fview%2Fphoto%2Fs_ratio_poster%2Fpublic%2Fp2930238411.jpg 200 22275 - 74.769 ms
GET /poster?url=https%3A%2F%2Fimg3.doubanio.com%2Fview%2Fphoto%2Fs_ratio_poster%2Fpublic%2Fp2931731477.jpg 200 31191 - 28.973 ms
GET /poster?url=https%3A%2F%2Fimg9.doubanio.com%2Fview%2Fphoto%2Fs_ratio_poster%2Fpublic%2Fp2931988675.jpg 200 33011 - 22.137 ms
GET /poster?url=https%3A%2F%2Fimg3.doubanio.com%2Fview%2Fphoto%2Fs_ratio_poster%2Fpublic%2Fp2931240373.jpg 200 28525 - 25.354 ms
GET /poster?url=https%3A%2F%2Fimg2.doubanio.com%2Fview%2Fphoto%2Fs_ratio_poster%2Fpublic%2Fp2932352221.jpg 200 26246 - 52.462 ms
GET /poster?url=https%3A%2F%2Fimg9.doubanio.com%2Fview%2Fphoto%2Fs_ratio_poster%2Fpublic%2Fp2469070974.jpg 200 25374 - 26.250 ms
GET /poster?url=https%3A%2F%2Fimg9.doubanio.com%2Fview%2Fphoto%2Fs_ratio_poster%2Fpublic%2Fp2164225595.jpg 200 28817 - 22.720 ms
GET /poster?url=https%3A%2F%2Fimg9.doubanio.com%2Fview%2Fphoto%2Fs_ratio_poster%2Fpublic%2Fp2931367405.jpg 200 33602 - 30.816 ms
GET /poster?url=https%3A%2F%2Fimg1.doubanio.com%2Fview%2Fphoto%2Fs_ratio_poster%2Fpublic%2Fp2877522569.jpg 200 42111 - 41.350 ms
GET /poster?url=https%3A%2F%2Fimg9.doubanio.com%2Fview%2Fphoto%2Fs_ratio_poster%2Fpublic%2Fp2456564275.jpg 200 33744 - 24.482 ms
GET /poster?url=https%3A%2F%2Fimg9.doubanio.com%2Fview%2Fphoto%2Fs_ratio_poster%2Fpublic%2Fp2241064475.jpg 200 42157 - 23.466 ms
GET /poster?url=https%3A%2F%2Fimg3.doubanio.com%2Fview%2Fphoto%2Fs_ratio_poster%2Fpublic%2Fp2456564393.jpg 200 30605 - 26.172 ms
GET /poster?url=https%3A%2F%2Fimg3.doubanio.com%2Fview%2Fphoto%2Fs_ratio_poster%2Fpublic%2Fp2241064547.jpg 200 36546 - 22.243 ms
GET /poster?url=https%3A%2F%2Fimg2.doubanio.com%2Fview%2Fphoto%2Fs_ratio_poster%2Fpublic%2Fp2456564071.jpg 200 26907 - 45.042 ms
GET /movie/37116446 200 2690 - 1.799 ms
POST /movie/37116446/rating 302 44 - 1.852 ms
GET /movie/37116446 200 2690 - 2.008 ms
POST /movie/37116446/comments 302 53 - 2.028 ms
GET /movie/37116446 200 2891 - 2.039 ms
GET / 200 38986 - 2.566 ms
GET /styles.css 200 5234 - 0.725 ms
GET /poster?url=https%3A%2F%2Fimg9.doubanio.com%2Fview%2Fphoto%2Fs_ratio_poster%2Fpublic%2Fp2932071585.jpg 200 23880 - 20.096 ms
GET /poster?url=https%3A%2F%2Fimg2.doubanio.com%2Fview%2Fphoto%2Fs_ratio_poster%2Fpublic%2Fp2932202711.jpg 200 23656 - 84.964 ms
GET /poster?url=https%3A%2F%2Fimg3.doubanio.com%2Fview%2Fphoto%2Fs_ratio_poster%2Fpublic%2Fp2932006122.jpg 200 24781 - 87.950 ms
GET /poster?url=https%3A%2F%2Fimg3.doubanio.com%2Fview%2Fphoto%2Fs_ratio_poster%2Fpublic%2Fp2932378813.jpg 200 26256 - 116.565 ms
GET /poster?url=https%3A%2F%2Fimg3.doubanio.com%2Fview%2Fphoto%2Fs_ratio_poster%2Fpublic%2Fp2931924492.jpg 200 35806 - 24.339 ms
GET /poster?url=https%3A%2F%2Fimg9.doubanio.com%2Fview%2Fphoto%2Fs_ratio_poster%2Fpublic%2Fp2931848904.jpg 200 23561 - 23.444 ms
GET /poster?url=https%3A%2F%2Fimg1.doubanio.com%2Fview%2Fphoto%2Fs_ratio_poster%2Fpublic%2Fp2931601069.jpg 200 25024 - 141.958 ms
GET /poster?url=https%3A%2F%2Fimg1.doubanio.com%2Fview%2Fphoto%2Fs_ratio_poster%2Fpublic%2Fp2931958860.jpg 200 35165 - 145.307 ms
GET /poster?url=https%3A%2F%2Fimg1.doubanio.com%2Fview%2Fphoto%2Fs_ratio_poster%2Fpublic%2Fp2931851430.jpg 200 29577 - 154.036 ms
GET /poster?url=https%3A%2F%2Fimg9.doubanio.com%2Fview%2Fphoto%2Fs_ratio_poster%2Fpublic%2Fp2930952195.jpg 200 25833 - 22.801 ms
GET /poster?url=https%3A%2F%2Fimg9.doubanio.com%2Fview%2Fphoto%2Fs_ratio_poster%2Fpublic%2Fp2931581706.jpg 200 25259 - 24.452 ms
GET /poster?url=https%3A%2F%2Fimg3.doubanio.com%2Fview%2Fphoto%2Fs_ratio_poster%2Fpublic%2Fp2931584782.jpg 200 32017 - 30.641 ms
GET /poster?url=https%3A%2F%2Fimg3.doubanio.com%2Fview%2Fphoto%2Fs_ratio_poster%2Fpublic%2Fp2932103692.jpg 200 28176 - 94.812 ms
GET /poster?url=https%3A%2F%2Fimg1.doubanio.com%2Fview%2Fphoto%2Fs_ratio_poster%2Fpublic%2Fp2932271729.jpg 200 26312 - 37.773 ms
GET /poster?url=https%3A%2F%2Fimg3.doubanio.com%2Fview%2Fphoto%2Fs_ratio_poster%2Fpublic%2Fp2931370692.jpg 200 28213 - 19.328 ms
GET /poster?url=https%3A%2F%2Fimg1.doubanio.com%2Fview%2Fphoto%2Fs_ratio_poster%2Fpublic%2Fp2931063628.jpg 200 24665 - 45.895 ms
GET /poster?url=https%3A%2F%2Fimg1.doubanio.com%2Fview%2Fphoto%2Fs_ratio_poster%2Fpublic%2Fp2931411199.jpg 200 25858 - 36.791 ms
GET /poster?url=https%3A%2F%2Fimg1.doubanio.com%2Fview%2Fphoto%2Fs_ratio_poster%2Fpublic%2Fp2931382259.jpg 200 20307 - 34.521 ms
GET /poster?url=https%3A%2F%2Fimg2.doubanio.com%2Fview%2Fphoto%2Fs_ratio_poster%2Fpublic%2Fp2931602981.jpg 200 20340 - 36.964 ms
GET /poster?url=https%3A%2F%2Fimg1.doubanio.com%2Fview%2Fphoto%2Fs_ratio_poster%2Fpublic%2Fp2931740648.jpg 200 29074 - 94.185 ms
GET /poster?url=https%3A%2F%2Fimg9.doubanio.com%2Fview%2Fphoto%2Fs_ratio_poster%2Fpublic%2Fp2931909375.jpg 200 23374 - 19.201 ms
GET /poster?url=https%3A%2F%2Fimg9.doubanio.com%2Fview%2Fphoto%2Fs_ratio_poster%2Fpublic%2Fp2932181976.jpg 200 27267 - 23.039 ms
GET /poster?url=https%3A%2F%2Fimg3.doubanio.com%2Fview%2Fphoto%2Fs_ratio_poster%2Fpublic%2Fp2930472372.jpg 200 34204 - 28.931 ms
GET /poster?url=https%3A%2F%2Fimg9.doubanio.com%2Fview%2Fphoto%2Fs_ratio_poster%2Fpublic%2Fp2930838026.jpg 200 22170 - 25.333 ms
GET /poster?url=https%3A%2F%2Fimg3.doubanio.com%2Fview%2Fphoto%2Fs_ratio_poster%2Fpublic%2Fp2931409497.jpg 200 28760 - 20.792 ms
GET /poster?url=https%3A%2F%2Fimg1.doubanio.com%2Fview%2Fphoto%2Fs_ratio_poster%2Fpublic%2Fp2930979680.jpg 200 19483 - 43.929 ms
GET /poster?url=https%3A%2F%2Fimg9.doubanio.com%2Fview%2Fphoto%2Fs_ratio_poster%2Fpublic%2Fp2929673775.jpg 200 32035 - 19.310 ms
GET /poster?url=https%3A%2F%2Fimg9.doubanio.com%2Fview%2Fphoto%2Fs_ratio_poster%2Fpublic%2Fp2931004055.jpg 200 30720 - 23.405 ms
GET /poster?url=https%3A%2F%2Fimg1.doubanio.com%2Fview%2Fphoto%2Fs_ratio_poster%2Fpublic%2Fp2931582988.jpg 200 30877 - 34.925 ms
GET /poster?url=https%3A%2F%2Fimg9.doubanio.com%2Fview%2Fphoto%2Fs_ratio_poster%2Fpublic%2Fp2930171065.jpg 200 20251 - 19.834 ms
GET /poster?url=https%3A%2F%2Fimg1.doubanio.com%2Fview%2Fphoto%2Fs_ratio_poster%2Fpublic%2Fp2931656808.jpg 200 19289 - 97.473 ms
GET /poster?url=https%3A%2F%2Fimg2.doubanio.com%2Fview%2Fphoto%2Fs_ratio_poster%2Fpublic%2Fp2929759261.jpg 200 34644 - 38.858 ms
GET /poster?url=https%3A%2F%2Fimg3.doubanio.com%2Fview%2Fphoto%2Fs_ratio_poster%2Fpublic%2Fp2931029277.jpg 200 35169 - 31.937 ms
GET /poster?url=https%3A%2F%2Fimg9.doubanio.com%2Fview%2Fphoto%2Fs_ratio_poster%2Fpublic%2Fp2931602704.jpg 200 31278 - 23.329 ms
GET /poster?url=https%3A%2F%2Fimg9.doubanio.com%2Fview%2Fphoto%2Fs_ratio_poster%2Fpublic%2Fp2917047686.jpg 200 20148 - 20.769 ms
GET /poster?url=https%3A%2F%2Fimg3.doubanio.com%2Fview%2Fphoto%2Fs_ratio_poster%2Fpublic%2Fp2887654333.jpg 200 17180 - 26.506 ms
GET /poster?url=https%3A%2F%2Fimg3.doubanio.com%2Fview%2Fphoto%2Fs_ratio_poster%2Fpublic%2Fp2928985187.jpg 200 22790 - 24.569 ms
GET /poster?url=https%3A%2F%2Fimg2.doubanio.com%2Fview%2Fphoto%2Fs_ratio_poster%2Fpublic%2Fp2932352221.jpg 200 26246 - 36.484 ms
GET /poster?url=https%3A%2F%2Fimg1.doubanio.com%2Fview%2Fphoto%2Fs_ratio_poster%2Fpublic%2Fp2931149949.jpg 200 20291 - 45.676 ms
GET /poster?url=https%3A%2F%2Fimg9.doubanio.com%2Fview%2Fphoto%2Fs_ratio_poster%2Fpublic%2Fp2931988675.jpg 200 33011 - 19.576 ms
GET /poster?url=https%3A%2F%2Fimg3.doubanio.com%2Fview%2Fphoto%2Fs_ratio_poster%2Fpublic%2Fp2931731477.jpg 200 31191 - 22.980 ms
GET /poster?url=https%3A%2F%2Fimg3.doubanio.com%2Fview%2Fphoto%2Fs_ratio_poster%2Fpublic%2Fp2931240373.jpg 200 28525 - 26.238 ms
GET /poster?url=https%3A%2F%2Fimg2.doubanio.com%2Fview%2Fphoto%2Fs_ratio_poster%2Fpublic%2Fp2930238411.jpg 200 22275 - 78.839 ms
GET /poster?url=https%3A%2F%2Fimg9.doubanio.com%2Fview%2Fphoto%2Fs_ratio_poster%2Fpublic%2Fp2469070974.jpg 200 25374 - 23.846 ms
GET /poster?url=https%3A%2F%2Fimg9.doubanio.com%2Fview%2Fphoto%2Fs_ratio_poster%2Fpublic%2Fp2931367405.jpg 200 33602 - 19.492 ms
GET /poster?url=https%3A%2F%2Fimg1.doubanio.com%2Fview%2Fphoto%2Fs_ratio_poster%2Fpublic%2Fp2877522569.jpg 200 42111 - 36.623 ms
GET /poster?url=https%3A%2F%2Fimg9.doubanio.com%2Fview%2Fphoto%2Fs_ratio_poster%2Fpublic%2Fp2456564275.jpg 200 33744 - 19.324 ms
GET /poster?url=https%3A%2F%2Fimg3.doubanio.com%2Fview%2Fphoto%2Fs_ratio_poster%2Fpublic%2Fp2456564393.jpg 200 30605 - 27.210 ms
GET /poster?url=https%3A%2F%2Fimg9.doubanio.com%2Fview%2Fphoto%2Fs_ratio_poster%2Fpublic%2Fp2241064475.jpg 200 42157 - 27.659 ms
GET /poster?url=https%3A%2F%2Fimg2.doubanio.com%2Fview%2Fphoto%2Fs_ratio_poster%2Fpublic%2Fp2456564071.jpg 200 26907 - 36.512 ms
GET /poster?url=https%3A%2F%2Fimg3.doubanio.com%2Fview%2Fphoto%2Fs_ratio_poster%2Fpublic%2Fp2241064547.jpg 200 36546 - 24.698 ms
GET /poster?url=https%3A%2F%2Fimg9.doubanio.com%2Fview%2Fphoto%2Fs_ratio_poster%2Fpublic%2Fp2164225595.jpg 200 28817 - 110.862 ms
GET / 200 38986 - 4.082 ms
GET /styles.css 200 5234 - 0.512 ms
GET /poster?url=https%3A%2F%2Fimg9.doubanio.com%2Fview%2Fphoto%2Fs_ratio_poster%2Fpublic%2Fp2932071585.jpg 200 23880 - 59.396 ms
GET /poster?url=https%3A%2F%2Fimg3.doubanio.com%2Fview%2Fphoto%2Fs_ratio_poster%2Fpublic%2Fp2932006122.jpg 200 24781 - 79.089 ms
GET /poster?url=https%3A%2F%2Fimg1.doubanio.com%2Fview%2Fphoto%2Fs_ratio_poster%2Fpublic%2Fp2931958860.jpg 200 35165 - 138.404 ms
GET /poster?url=https%3A%2F%2Fimg1.doubanio.com%2Fview%2Fphoto%2Fs_ratio_poster%2Fpublic%2Fp2931601069.jpg 200 25024 - 159.659 ms
GET /poster?url=https%3A%2F%2Fimg3.doubanio.com%2Fview%2Fphoto%2Fs_ratio_poster%2Fpublic%2Fp2931409497.jpg 200 28760 - 29.542 ms
GET /poster?url=https%3A%2F%2Fimg9.doubanio.com%2Fview%2Fphoto%2Fs_ratio_poster%2Fpublic%2Fp2930952195.jpg 200 25833 - 36.474 ms
GET /poster?url=https%3A%2F%2Fimg1.doubanio.com%2Fview%2Fphoto%2Fs_ratio_poster%2Fpublic%2Fp2931382259.jpg 200 20307 - 40.651 ms
GET /poster?url=https%3A%2F%2Fimg1.doubanio.com%2Fview%2Fphoto%2Fs_ratio_poster%2Fpublic%2Fp2931411199.jpg 200 25858 - 51.105 ms
GET /poster?url=https%3A%2F%2Fimg9.doubanio.com%2Fview%2Fphoto%2Fs_ratio_poster%2Fpublic%2Fp2241064475.jpg 200 42157 - 27.024 ms
GET /poster?url=https%3A%2F%2Fimg3.doubanio.com%2Fview%2Fphoto%2Fs_ratio_poster%2Fpublic%2Fp2931029277.jpg 200 35169 - 27.492 ms
GET /poster?url=https%3A%2F%2Fimg9.doubanio.com%2Fview%2Fphoto%2Fs_ratio_poster%2Fpublic%2Fp2931004055.jpg 200 30720 - 67.247 ms
GET /poster?url=https%3A%2F%2Fimg9.doubanio.com%2Fview%2Fphoto%2Fs_ratio_poster%2Fpublic%2Fp2931848904.jpg 200 23561 - 75.512 ms
GET /poster?url=https%3A%2F%2Fimg9.doubanio.com%2Fview%2Fphoto%2Fs_ratio_poster%2Fpublic%2Fp2164225595.jpg 200 28817 - 72.235 ms
GET /poster?url=https%3A%2F%2Fimg9.doubanio.com%2Fview%2Fphoto%2Fs_ratio_poster%2Fpublic%2Fp2456564275.jpg 200 33744 - 76.586 ms
GET /poster?url=https%3A%2F%2Fimg3.doubanio.com%2Fview%2Fphoto%2Fs_ratio_poster%2Fpublic%2Fp2887654333.jpg 200 17180 - 22.958 ms
GET /poster?url=https%3A%2F%2Fimg9.doubanio.com%2Fview%2Fphoto%2Fs_ratio_poster%2Fpublic%2Fp2931988675.jpg 200 33011 - 22.626 ms
GET /poster?url=https%3A%2F%2Fimg2.doubanio.com%2Fview%2Fphoto%2Fs_ratio_poster%2Fpublic%2Fp2932202711.jpg 200 23656 - 93.398 ms
GET /poster?url=https%3A%2F%2Fimg2.doubanio.com%2Fview%2Fphoto%2Fs_ratio_poster%2Fpublic%2Fp2931602981.jpg 200 20340 - 96.866 ms
GET /poster?url=https%3A%2F%2Fimg9.doubanio.com%2Fview%2Fphoto%2Fs_ratio_poster%2Fpublic%2Fp2932181976.jpg 200 27267 - 83.390 ms
GET /poster?url=https%3A%2F%2Fimg9.doubanio.com%2Fview%2Fphoto%2Fs_ratio_poster%2Fpublic%2Fp2930838026.jpg 200 22170 - 86.143 ms
GET /poster?url=https%3A%2F%2Fimg9.doubanio.com%2Fview%2Fphoto%2Fs_ratio_poster%2Fpublic%2Fp2469070974.jpg 200 25374 - 63.961 ms
GET /poster?url=https%3A%2F%2Fimg9.doubanio.com%2Fview%2Fphoto%2Fs_ratio_poster%2Fpublic%2Fp2930171065.jpg 200 20251 - 68.732 ms
GET /poster?url=https%3A%2F%2Fimg3.doubanio.com%2Fview%2Fphoto%2Fs_ratio_poster%2Fpublic%2Fp2931370692.jpg 200 28213 - 107.863 ms
GET /poster?url=https%3A%2F%2Fimg3.doubanio.com%2Fview%2Fphoto%2Fs_ratio_poster%2Fpublic%2Fp2456564393.jpg 200 30605 - 96.763 ms
GET /poster?url=https%3A%2F%2Fimg2.doubanio.com%2Fview%2Fphoto%2Fs_ratio_poster%2Fpublic%2Fp2932352221.jpg 200 26246 - 98.755 ms
GET /poster?url=https%3A%2F%2Fimg3.doubanio.com%2Fview%2Fphoto%2Fs_ratio_poster%2Fpublic%2Fp2931584782.jpg 200 32017 - 110.815 ms
GET /poster?url=https%3A%2F%2Fimg3.doubanio.com%2Fview%2Fphoto%2Fs_ratio_poster%2Fpublic%2Fp2932103692.jpg 200 28176 - 118.970 ms
GET /poster?url=https%3A%2F%2Fimg1.doubanio.com%2Fview%2Fphoto%2Fs_ratio_poster%2Fpublic%2Fp2931740648.jpg 200 29074 - 114.366 ms
GET /poster?url=https%3A%2F%2Fimg1.doubanio.com%2Fview%2Fphoto%2Fs_ratio_poster%2Fpublic%2Fp2931063628.jpg 200 24665 - 116.287 ms
GET /poster?url=https%3A%2F%2Fimg1.doubanio.com%2Fview%2Fphoto%2Fs_ratio_poster%2Fpublic%2Fp2932271729.jpg 200 26312 - 117.128 ms
GET /poster?url=https%3A%2F%2Fimg1.doubanio.com%2Fview%2Fphoto%2Fs_ratio_poster%2Fpublic%2Fp2931656808.jpg 200 19289 - 118.002 ms
GET /poster?url=https%3A%2F%2Fimg3.doubanio.com%2Fview%2Fphoto%2Fs_ratio_poster%2Fpublic%2Fp2930472372.jpg 200 34204 - 119.804 ms
GET /poster?url=https%3A%2F%2Fimg3.doubanio.com%2Fview%2Fphoto%2Fs_ratio_poster%2Fpublic%2Fp2931731477.jpg 200 31191 - 91.944 ms
GET /poster?url=https%3A%2F%2Fimg3.doubanio.com%2Fview%2Fphoto%2Fs_ratio_poster%2Fpublic%2Fp2928985187.jpg 200 22790 - 92.705 ms
GET /poster?url=https%3A%2F%2Fimg3.doubanio.com%2Fview%2Fphoto%2Fs_ratio_poster%2Fpublic%2Fp2932378813.jpg 200 26256 - 131.498 ms
GET /poster?url=https%3A%2F%2Fimg2.doubanio.com%2Fview%2Fphoto%2Fs_ratio_poster%2Fpublic%2Fp2929759261.jpg 200 34644 - 68.594 ms
GET /poster?url=https%3A%2F%2Fimg1.doubanio.com%2Fview%2Fphoto%2Fs_ratio_poster%2Fpublic%2Fp2877522569.jpg 200 42111 - 108.465 ms
GET /poster?url=https%3A%2F%2Fimg3.doubanio.com%2Fview%2Fphoto%2Fs_ratio_poster%2Fpublic%2Fp2931924492.jpg 200 35806 - 136.679 ms
GET /poster?url=https%3A%2F%2Fimg1.doubanio.com%2Fview%2Fphoto%2Fs_ratio_poster%2Fpublic%2Fp2931149949.jpg 200 20291 - 113.916 ms
GET /poster?url=https%3A%2F%2Fimg3.doubanio.com%2Fview%2Fphoto%2Fs_ratio_poster%2Fpublic%2Fp2241064547.jpg 200 36546 - 107.909 ms
GET /poster?url=https%3A%2F%2Fimg9.doubanio.com%2Fview%2Fphoto%2Fs_ratio_poster%2Fpublic%2Fp2929673775.jpg 200 32035 - 108.799 ms
GET /poster?url=https%3A%2F%2Fimg3.doubanio.com%2Fview%2Fphoto%2Fs_ratio_poster%2Fpublic%2Fp2931240373.jpg 200 28525 - 20.855 ms
GET /poster?url=https%3A%2F%2Fimg9.doubanio.com%2Fview%2Fphoto%2Fs_ratio_poster%2Fpublic%2Fp2931909375.jpg 200 23374 - 21.770 ms
GET /poster?url=https%3A%2F%2Fimg1.doubanio.com%2Fview%2Fphoto%2Fs_ratio_poster%2Fpublic%2Fp2930979680.jpg 200 19483 - 33.676 ms
GET /poster?url=https%3A%2F%2Fimg2.doubanio.com%2Fview%2Fphoto%2Fs_ratio_poster%2Fpublic%2Fp2456564071.jpg 200 26907 - 35.964 ms
GET /poster?url=https%3A%2F%2Fimg1.doubanio.com%2Fview%2Fphoto%2Fs_ratio_poster%2Fpublic%2Fp2931582988.jpg 200 30877 - 40.727 ms
GET /poster?url=https%3A%2F%2Fimg9.doubanio.com%2Fview%2Fphoto%2Fs_ratio_poster%2Fpublic%2Fp2931367405.jpg 200 33602 - 18.688 ms
GET /poster?url=https%3A%2F%2Fimg9.doubanio.com%2Fview%2Fphoto%2Fs_ratio_poster%2Fpublic%2Fp2931602704.jpg 200 31278 - 31.190 ms
GET /poster?url=https%3A%2F%2Fimg2.doubanio.com%2Fview%2Fphoto%2Fs_ratio_poster%2Fpublic%2Fp2930238411.jpg 200 22275 - 36.278 ms
GET /poster?url=https%3A%2F%2Fimg1.doubanio.com%2Fview%2Fphoto%2Fs_ratio_poster%2Fpublic%2Fp2931851430.jpg 200 29577 - 36.682 ms
GET /poster?url=https%3A%2F%2Fimg9.doubanio.com%2Fview%2Fphoto%2Fs_ratio_poster%2Fpublic%2Fp2931581706.jpg 200 25259 - 85.794 ms
GET /poster?url=https%3A%2F%2Fimg9.doubanio.com%2Fview%2Fphoto%2Fs_ratio_poster%2Fpublic%2Fp2917047686.jpg 200 20148 - 593.635 ms
GET /movie/37116446 200 2891 - 2.084 ms
POST /movie/37116446/rating 302 44 - 1.845 ms
GET /movie/37116446 200 2891 - 2.237 ms
POST /movie/37116446/comments 302 53 - 1.774 ms
GET /movie/37116446 200 3092 - 1.863 ms
GET / 200 38986 - 2.716 ms
GET /styles.css 200 5234 - 2.051 ms
GET /poster?url=https%3A%2F%2Fimg9.doubanio.com%2Fview%2Fphoto%2Fs_ratio_poster%2Fpublic%2Fp2932071585.jpg 200 23880 - 25.778 ms
GET /poster?url=https%3A%2F%2Fimg3.doubanio.com%2Fview%2Fphoto%2Fs_ratio_poster%2Fpublic%2Fp2932378813.jpg 200 26256 - 79.007 ms
GET /poster?url=https%3A%2F%2Fimg2.doubanio.com%2Fview%2Fphoto%2Fs_ratio_poster%2Fpublic%2Fp2932202711.jpg 200 23656 - 83.924 ms
GET /poster?url=https%3A%2F%2Fimg1.doubanio.com%2Fview%2Fphoto%2Fs_ratio_poster%2Fpublic%2Fp2931851430.jpg 200 29577 - 162.404 ms
GET /poster?url=https%3A%2F%2Fimg1.doubanio.com%2Fview%2Fphoto%2Fs_ratio_poster%2Fpublic%2Fp2931958860.jpg 200 35165 - 164.221 ms
GET /poster?url=https%3A%2F%2Fimg1.doubanio.com%2Fview%2Fphoto%2Fs_ratio_poster%2Fpublic%2Fp2931601069.jpg 200 25024 - 36.225 ms
GET /poster?url=https%3A%2F%2Fimg3.doubanio.com%2Fview%2Fphoto%2Fs_ratio_poster%2Fpublic%2Fp2932103692.jpg 200 28176 - 26.744 ms
GET /poster?url=https%3A%2F%2Fimg9.doubanio.com%2Fview%2Fphoto%2Fs_ratio_poster%2Fpublic%2Fp2931848904.jpg 200 23561 - 23.511 ms
GET /poster?url=https%3A%2F%2Fimg3.doubanio.com%2Fview%2Fphoto%2Fs_ratio_poster%2Fpublic%2Fp2931924492.jpg 200 35806 - 102.836 ms
GET /poster?url=https%3A%2F%2Fimg3.doubanio.com%2Fview%2Fphoto%2Fs_ratio_poster%2Fpublic%2Fp2932006122.jpg 200 24781 - 116.738 ms
GET /poster?url=https%3A%2F%2Fimg1.doubanio.com%2Fview%2Fphoto%2Fs_ratio_poster%2Fpublic%2Fp2932271729.jpg 200 26312 - 35.431 ms
GET /poster?url=https%3A%2F%2Fimg1.doubanio.com%2Fview%2Fphoto%2Fs_ratio_poster%2Fpublic%2Fp2931740648.jpg 200 29074 - 41.401 ms
GET /poster?url=https%3A%2F%2Fimg9.doubanio.com%2Fview%2Fphoto%2Fs_ratio_poster%2Fpublic%2Fp2930952195.jpg 200 25833 - 21.821 ms
GET /poster?url=https%3A%2F%2Fimg9.doubanio.com%2Fview%2Fphoto%2Fs_ratio_poster%2Fpublic%2Fp2931581706.jpg 200 25259 - 21.406 ms
GET /poster?url=https%3A%2F%2Fimg3.doubanio.com%2Fview%2Fphoto%2Fs_ratio_poster%2Fpublic%2Fp2931370692.jpg 200 28213 - 21.958 ms
GET /poster?url=https%3A%2F%2Fimg2.doubanio.com%2Fview%2Fphoto%2Fs_ratio_poster%2Fpublic%2Fp2931602981.jpg 200 20340 - 33.856 ms
GET /poster?url=https%3A%2F%2Fimg3.doubanio.com%2Fview%2Fphoto%2Fs_ratio_poster%2Fpublic%2Fp2931584782.jpg 200 32017 - 23.717 ms
GET /poster?url=https%3A%2F%2Fimg1.doubanio.com%2Fview%2Fphoto%2Fs_ratio_poster%2Fpublic%2Fp2931382259.jpg 200 20307 - 36.602 ms
GET /poster?url=https%3A%2F%2Fimg1.doubanio.com%2Fview%2Fphoto%2Fs_ratio_poster%2Fpublic%2Fp2931063628.jpg 200 24665 - 37.504 ms
GET /poster?url=https%3A%2F%2Fimg1.doubanio.com%2Fview%2Fphoto%2Fs_ratio_poster%2Fpublic%2Fp2931411199.jpg 200 25858 - 110.793 ms
GET /poster?url=https%3A%2F%2Fimg1.doubanio.com%2Fview%2Fphoto%2Fs_ratio_poster%2Fpublic%2Fp2931656808.jpg 200 19289 - 38.905 ms
GET / 200 38986 - 3.615 ms
GET /styles.css 200 5234 - 0.966 ms
GET /poster?url=https%3A%2F%2Fimg9.doubanio.com%2Fview%2Fphoto%2Fs_ratio_poster%2Fpublic%2Fp2932071585.jpg 200 23880 - 26.179 ms
GET /poster?url=https%3A%2F%2Fimg1.doubanio.com%2Fview%2Fphoto%2Fs_ratio_poster%2Fpublic%2Fp2931851430.jpg 200 29577 - 138.706 ms
GET /poster?url=https%3A%2F%2Fimg9.doubanio.com%2Fview%2Fphoto%2Fs_ratio_poster%2Fpublic%2Fp2931848904.jpg 200 23561 - 22.827 ms
GET /poster?url=https%3A%2F%2Fimg1.doubanio.com%2Fview%2Fphoto%2Fs_ratio_poster%2Fpublic%2Fp2931601069.jpg 200 25024 - 35.637 ms
GET /poster?url=https%3A%2F%2Fimg2.doubanio.com%2Fview%2Fphoto%2Fs_ratio_poster%2Fpublic%2Fp2932202711.jpg 200 23656 - 76.520 ms
GET /poster?url=https%3A%2F%2Fimg3.doubanio.com%2Fview%2Fphoto%2Fs_ratio_poster%2Fpublic%2Fp2932378813.jpg 200 26256 - 83.937 ms
GET /poster?url=https%3A%2F%2Fimg3.doubanio.com%2Fview%2Fphoto%2Fs_ratio_poster%2Fpublic%2Fp2932103692.jpg 200 28176 - 77.309 ms
GET /poster?url=https%3A%2F%2Fimg3.doubanio.com%2Fview%2Fphoto%2Fs_ratio_poster%2Fpublic%2Fp2931370692.jpg 200 28213 - 24.654 ms
GET /poster?url=https%3A%2F%2Fimg9.doubanio.com%2Fview%2Fphoto%2Fs_ratio_poster%2Fpublic%2Fp2930952195.jpg 200 25833 - 23.449 ms
GET /poster?url=https%3A%2F%2Fimg3.doubanio.com%2Fview%2Fphoto%2Fs_ratio_poster%2Fpublic%2Fp2932006122.jpg 200 24781 - 24.283 ms
GET /poster?url=https%3A%2F%2Fimg9.doubanio.com%2Fview%2Fphoto%2Fs_ratio_poster%2Fpublic%2Fp2931581706.jpg 200 25259 - 34.139 ms
GET /poster?url=https%3A%2F%2Fimg1.doubanio.com%2Fview%2Fphoto%2Fs_ratio_poster%2Fpublic%2Fp2931582988.jpg 200 30877 - 36.895 ms
GET /poster?url=https%3A%2F%2Fimg1.doubanio.com%2Fview%2Fphoto%2Fs_ratio_poster%2Fpublic%2Fp2931411199.jpg 200 25858 - 101.122 ms
GET /poster?url=https%3A%2F%2Fimg1.doubanio.com%2Fview%2Fphoto%2Fs_ratio_poster%2Fpublic%2Fp2931740648.jpg 200 29074 - 111.461 ms
GET /poster?url=https%3A%2F%2Fimg9.doubanio.com%2Fview%2Fphoto%2Fs_ratio_poster%2Fpublic%2Fp2931909375.jpg 200 23374 - 24.485 ms
GET /poster?url=https%3A%2F%2Fimg3.doubanio.com%2Fview%2Fphoto%2Fs_ratio_poster%2Fpublic%2Fp2931584782.jpg 200 32017 - 39.063 ms
GET /poster?url=https%3A%2F%2Fimg2.doubanio.com%2Fview%2Fphoto%2Fs_ratio_poster%2Fpublic%2Fp2931602981.jpg 200 20340 - 39.834 ms
GET /poster?url=https%3A%2F%2Fimg3.doubanio.com%2Fview%2Fphoto%2Fs_ratio_poster%2Fpublic%2Fp2887654333.jpg 200 17180 - 22.426 ms
GET /poster?url=https%3A%2F%2Fimg3.doubanio.com%2Fview%2Fphoto%2Fs_ratio_poster%2Fpublic%2Fp2931924492.jpg 200 35806 - 28.240 ms
GET /poster?url=https%3A%2F%2Fimg9.doubanio.com%2Fview%2Fphoto%2Fs_ratio_poster%2Fpublic%2Fp2929673775.jpg 200 32035 - 26.478 ms
GET /poster?url=https%3A%2F%2Fimg1.doubanio.com%2Fview%2Fphoto%2Fs_ratio_poster%2Fpublic%2Fp2930979680.jpg 200 19483 - 34.529 ms
GET /poster?url=https%3A%2F%2Fimg2.doubanio.com%2Fview%2Fphoto%2Fs_ratio_poster%2Fpublic%2Fp2932352221.jpg 200 26246 - 37.426 ms
GET /poster?url=https%3A%2F%2Fimg1.doubanio.com%2Fview%2Fphoto%2Fs_ratio_poster%2Fpublic%2Fp2931149949.jpg 200 20291 - 39.727 ms
GET /poster?url=https%3A%2F%2Fimg1.doubanio.com%2Fview%2Fphoto%2Fs_ratio_poster%2Fpublic%2Fp2931656808.jpg 200 19289 - 39.906 ms
GET /poster?url=https%3A%2F%2Fimg9.doubanio.com%2Fview%2Fphoto%2Fs_ratio_poster%2Fpublic%2Fp2930838026.jpg 200 22170 - 44.979 ms
GET /poster?url=https%3A%2F%2Fimg2.doubanio.com%2Fview%2Fphoto%2Fs_ratio_poster%2Fpublic%2Fp2930238411.jpg 200 22275 - 109.612 ms
GET /poster?url=https%3A%2F%2Fimg3.doubanio.com%2Fview%2Fphoto%2Fs_ratio_poster%2Fpublic%2Fp2931029277.jpg 200 35169 - 116.721 ms
GET /poster?url=https%3A%2F%2Fimg1.doubanio.com%2Fview%2Fphoto%2Fs_ratio_poster%2Fpublic%2Fp2932271729.jpg 200 26312 - 126.888 ms
GET /poster?url=https%3A%2F%2Fimg1.doubanio.com%2Fview%2Fphoto%2Fs_ratio_poster%2Fpublic%2Fp2931063628.jpg 200 24665 - 127.503 ms
GET /poster?url=https%3A%2F%2Fimg9.doubanio.com%2Fview%2Fphoto%2Fs_ratio_poster%2Fpublic%2Fp2932181976.jpg 200 27267 - 461.207 ms
GET /poster?url=https%3A%2F%2Fimg9.doubanio.com%2Fview%2Fphoto%2Fs_ratio_poster%2Fpublic%2Fp2241064475.jpg 200 42157 - 20.801 ms
GET /poster?url=https%3A%2F%2Fimg3.doubanio.com%2Fview%2Fphoto%2Fs_ratio_poster%2Fpublic%2Fp2930472372.jpg 200 34204 - 27.348 ms
GET /poster?url=https%3A%2F%2Fimg9.doubanio.com%2Fview%2Fphoto%2Fs_ratio_poster%2Fpublic%2Fp2931004055.jpg 200 30720 - 29.593 ms
GET /poster?url=https%3A%2F%2Fimg9.doubanio.com%2Fview%2Fphoto%2Fs_ratio_poster%2Fpublic%2Fp2917047686.jpg 200 20148 - 30.554 ms
GET /poster?url=https%3A%2F%2Fimg9.doubanio.com%2Fview%2Fphoto%2Fs_ratio_poster%2Fpublic%2Fp2456564275.jpg 200 33744 - 31.402 ms
GET /poster?url=https%3A%2F%2Fimg9.doubanio.com%2Fview%2Fphoto%2Fs_ratio_poster%2Fpublic%2Fp2469070974.jpg 200 25374 - 33.847 ms
GET /poster?url=https%3A%2F%2Fimg9.doubanio.com%2Fview%2Fphoto%2Fs_ratio_poster%2Fpublic%2Fp2930171065.jpg 200 20251 - 24.135 ms
GET /poster?url=https%3A%2F%2Fimg3.doubanio.com%2Fview%2Fphoto%2Fs_ratio_poster%2Fpublic%2Fp2931409497.jpg 200 28760 - 24.498 ms
GET /poster?url=https%3A%2F%2Fimg1.doubanio.com%2Fview%2Fphoto%2Fs_ratio_poster%2Fpublic%2Fp2931382259.jpg 200 20307 - 41.920 ms
GET /poster?url=https%3A%2F%2Fimg9.doubanio.com%2Fview%2Fphoto%2Fs_ratio_poster%2Fpublic%2Fp2931367405.jpg 200 33602 - 32.205 ms
GET /poster?url=https%3A%2F%2Fimg1.doubanio.com%2Fview%2Fphoto%2Fs_ratio_poster%2Fpublic%2Fp2877522569.jpg 200 42111 - 42.687 ms
GET /poster?url=https%3A%2F%2Fimg3.doubanio.com%2Fview%2Fphoto%2Fs_ratio_poster%2Fpublic%2Fp2931240373.jpg 200 28525 - 32.206 ms
GET /poster?url=https%3A%2F%2Fimg2.doubanio.com%2Fview%2Fphoto%2Fs_ratio_poster%2Fpublic%2Fp2929759261.jpg 200 34644 - 39.318 ms
GET /poster?url=https%3A%2F%2Fimg3.doubanio.com%2Fview%2Fphoto%2Fs_ratio_poster%2Fpublic%2Fp2456564393.jpg 200 30605 - 116.638 ms
GET /poster?url=https%3A%2F%2Fimg3.doubanio.com%2Fview%2Fphoto%2Fs_ratio_poster%2Fpublic%2Fp2931731477.jpg 200 31191 - 24.261 ms
GET /poster?url=https%3A%2F%2Fimg2.doubanio.com%2Fview%2Fphoto%2Fs_ratio_poster%2Fpublic%2Fp2456564071.jpg 200 26907 - 38.541 ms
GET /poster?url=https%3A%2F%2Fimg1.doubanio.com%2Fview%2Fphoto%2Fs_ratio_poster%2Fpublic%2Fp2931958860.jpg 200 35165 - 40.541 ms
GET /poster?url=https%3A%2F%2Fimg9.doubanio.com%2Fview%2Fphoto%2Fs_ratio_poster%2Fpublic%2Fp2931602704.jpg 200 31278 - 19.921 ms
GET /poster?url=https%3A%2F%2Fimg3.doubanio.com%2Fview%2Fphoto%2Fs_ratio_poster%2Fpublic%2Fp2928985187.jpg 200 22790 - 26.471 ms
GET /poster?url=https%3A%2F%2Fimg9.doubanio.com%2Fview%2Fphoto%2Fs_ratio_poster%2Fpublic%2Fp2164225595.jpg 200 28817 - 27.750 ms
GET /poster?url=https%3A%2F%2Fimg9.doubanio.com%2Fview%2Fphoto%2Fs_ratio_poster%2Fpublic%2Fp2931988675.jpg 200 33011 - 28.248 ms
GET /poster?url=https%3A%2F%2Fimg3.doubanio.com%2Fview%2Fphoto%2Fs_ratio_poster%2Fpublic%2Fp2241064547.jpg 200 36546 - 28.788 ms
GET /favicon.ico 404 150 - 1.024 ms
GET /movie/38393420 200 2499 - 1.692 ms
POST /movie/38393420/comments 302 53 - 1.863 ms
GET /movie/38393420 200 2595 - 1.778 ms
GET /movie/38393420 200 2595 - 1.933 ms
GET / 200 38986 - 2.804 ms
GET /movie/37116446 200 3092 - 1.869 ms
POST /movie/37116446/comments 302 53 - 1.921 ms
GET /movie/37116446 200 3240 - 1.947 ms
GET /movie/37116446 200 3240 - 2.098 ms
GET / 200 38986 - 2.755 ms
GET /movie/37116446 200 3240 - 1.978 ms
GET / 200 38986 - 3.224 ms
